<?xml version='1.0' encoding='UTF-8'?>
<testsuites tests="5" time="504" name="Xor" failures="1" errors="0">
  <testsuite tests="5" time="504" name="Xor" failures="1" skipped="0" errors="0">
    <testsuite tests="5" time="504" name="Xor" failures="1" skipped="0" errors="0">
      <testcase name="It applies a fixed Xor algorithm when given a hex string and equally long hex secret" time="39" status="OK"/>
      <testcase name="It applies a fixed Xor algorithm when given a hex string of 69 and a secret of F3" time="9" status="OK"/>
      <testcase name="It applies a fixed Xor algorithm when given a longer hex string and secret" time="99" status="OK"/>
      <testcase name="It applies a fixed Xor algorithm when given 123A and AAAA and returns B890" time="22" status="OK"/>
      <testcase name="It applies a fixed Xor to 1b37373331363f78151b7f2b783431333d78397828372d363c78373e783a393b3736 with a key of 7" time="172" status="FAIL">
        <failure>Expecting `(root)` to be "" but was "\n&amp;&amp;\" '.i\u0004\nn:i% \",i(i9&amp;&lt;'-i&amp;/i+(*&amp;'"</failure>
      </testcase>
    </testsuite>
  </testsuite>
</testsuites>