<?xml version='1.0' encoding='UTF-8'?>
<testsuites tests="5" time="531" name="Xor" failures="0" errors="0">
  <testsuite tests="5" time="531" name="Xor" failures="0" skipped="0" errors="0">
    <testsuite tests="5" time="531" name="Xor" failures="0" skipped="0" errors="0">
      <testcase name="It applies a fixed Xor algorithm when given a hex string and equally long hex secret" time="56" status="OK"/>
      <testcase name="It applies a fixed Xor algorithm when given a hex string of 69 and a secret of F3" time="12" status="OK"/>
      <testcase name="It applies a fixed Xor algorithm when given a longer hex string and secret" time="102" status="OK"/>
      <testcase name="It applies a fixed Xor algorithm when given 123A and AAAA and returns B890" time="20" status="OK"/>
      <testcase name="It applies a fixed Xor to 1b37373331363f78151b7f2b783431333d78397828372d363c78373e783a393b3736 with a key of 7" time="173" status="OK"/>
    </testsuite>
  </testsuite>
</testsuites>