<?xml version='1.0' encoding='UTF-8'?>
<testsuites tests="14" time="324" name="Binaries" failures="0" errors="0">
  <testsuite tests="14" time="324" name="Binaries" failures="0" skipped="0" errors="0">
    <testsuite tests="14" time="324" name="Binaries" failures="0" skipped="0" errors="0">
      <testcase name="It should convert a hex string to base64" time="29" status="OK"/>
    </testsuite>
    <testsuite tests="14" time="324" name="Binaries" failures="0" skipped="0" errors="0">
      <testcase name="It should convert a hex string to Binary" time="16" status="OK"/>
    </testsuite>
    <testsuite tests="14" time="324" name="Binaries" failures="0" skipped="0" errors="0">
      <testcase name="It should convert a hex string to a ASCII string" time="6" status="OK"/>
    </testsuite>
    <testsuite tests="14" time="324" name="Binaries" failures="0" skipped="0" errors="0">
      <testcase name="It should convert a string to a hex string" time="12" status="OK"/>
    </testsuite>
    <testsuite tests="14" time="324" name="Binaries" failures="0" skipped="0" errors="0">
      <testcase name="It should convert a base64 string to Binary" time="6" status="OK"/>
    </testsuite>
    <testsuite tests="14" time="324" name="Binaries" failures="0" skipped="0" errors="0">
      <testcase name="It should convert a binary to hex" time="9" status="OK"/>
      <testcase name="It should convert binary from 'hello' string into hex" time="2" status="OK"/>
    </testsuite>
    <testsuite tests="14" time="324" name="Binaries" failures="0" skipped="0" errors="0">
      <testcase name="It should convert decimal numbers to binary numbers" time="7" status="OK"/>
    </testsuite>
    <testsuite tests="14" time="324" name="Binaries" failures="0" skipped="0" errors="0">
      <testcase name="It should convert a string to binary numbers" time="17" status="OK"/>
      <testcase name="It should convert hello to binary numbers" time="10" status="OK"/>
    </testsuite>
    <testsuite tests="14" time="324" name="Binaries" failures="0" skipped="0" errors="0">
      <testcase name="It should convert a binary array to a string" time="4" status="OK"/>
    </testsuite>
    <testsuite tests="14" time="324" name="Binaries" failures="0" skipped="0" errors="0">
      <testcase name="It should convert a binary number to a decimal" time="1" status="OK"/>
    </testsuite>
    <testsuite tests="14" time="324" name="Binaries" failures="0" skipped="0" errors="0">
      <testcase name="It should convert a binary array to a Hex string" time="4" status="OK"/>
    </testsuite>
    <testsuite tests="14" time="324" name="Binaries" failures="0" skipped="0" errors="0">
      <testcase name="It should convert a binary array to a base64 string" time="4" status="OK"/>
    </testsuite>
  </testsuite>
</testsuites>